영화 ' # '을 찾으시는군요. 검색하겠습니다.
# 검색
# 검색.
# 을 검색
# 을 검색.
# 을검색
# 을검색.
# 을 검색해
# 을 검색해.
# 을검색해
# 을검색해.
# 검색 ㄱㄱ
# 을 검색 ㄱㄱ
# 을검색ㄱㄱ
영화 # 을 찾아주세요.
영화 # 을찾아주세요
영화 # 을찾아주세요.
영화 # 알려주십셔.
영화 # 알려주십셔
영화 # 을 알려주십셔.
영화 # 을 알려주십셔
영화 # 을알려주십셔.
영화 # 을알려주십셔
영화 # 알려주십쇼.
영화 # 알려주십쇼
영화 # 을 알려주십쇼.
영화 # 을 알려주십쇼
영화 # 을알려주십쇼
영화 # 을알려주십쇼.
CHANGE
배우 ' # '을 찾으시는군요. 검색하겠습니다.
# 가 출연한 영화
# 가 출연한 영화 ㄱㄱ
# 가 출연한 영화.
# 가 출연한 영화 ㄱㄱ!
# 가 출연한 영화 가르쳐줘
# 가 출연한 영화 가르쳐줘 ㅎㅎ
# 가 출연한 영화 가르쳐줭
# 가 출연한 영화 가르쳐줘봐
# 가 출연한 영화 찾을래?
# 가 출연한 영화 찾았으면 좋겠어!
# 가 출연한 영화 찾아보렴!
# 가 출연한 영화 찾으라니까!
END