맙소사. 괜찮아요?
네 괜찮아요.
널 위해 준비한게 있어.
뭔데?
가지고 있었어?
당연히 가지고 있었지
맙소사. 괜찮아요?
괜찮아! 멋져. 빛나. 약간 쪽팔릴뿐.
축구선수라도 되려나봐요
괜찮아. 내 잘못이야. 문제없어.
말도 안돼. 평범하잖아
말도 안돼
진짜로 시간을 여행하는거야? 그래서 뭘로 만들어졌어? 시간 말야
이렇게 타고 지나갈 수 있는걸 보면 뭔가로 만들어졌다는 소리겠지
잼은 딸기로 만들어졌고 시간은 뭘로 만들어졌지?
글쎄 딸기는 아냐.
어디나 다 갈수 있는거야?
상식적인 선에서. 뭐 내 기준에서 상식이지만.
시간을 되돌아갈수 있는거야?
공간도. 그래
앞으로도 갈수 있고?
공간도. 맞아
어딜 가고싶어? 뭘 보고 싶어?
모르겠어. 누가 가장 좋아하는 책이 뭔지 물어보면 갑자기 아무것도 생각 안날때 있잖아?
그래서? 질문에 대한 대답은?
그래서.. 그래서.. 난.. 내가 보고싶은건.. 내가 보고싶은건 말이지.. 뭔가 멋진거야
눈꺼풀에 빛이 느껴져?
응
준비됐어?
어. 아니. 어.
근데 기다려. 아직 더 있어.
뭐가 더 있어?
잠깐만.
뭐야?
어디의 뭐라고?
7개의 세계가 같은 별을 공전하지 7개 세계 전부 우주의 생명은 여기서 시작했다고 믿고.
이 행성에서 모든 생명이?
전우주의 생명이.
정말 그랬어?
글쎄. 그들은 그렇게 믿어.
볼수있을까? 가까이서? 다 어디서 온거야?
아, 뭐 있잖아, 대부분은 근처에서 왔지
뭐라 부르면 돼?
어디 보자. 저기 판바빌로니안이 있고 루갈이라쿠쉬 루카니안들 몇명 후루부. 저 친구는 코디니언 고리의 테라버서커야. 더 이상은 잘 안보이는 애들이지. 저건 울트라맨서야. 여기가 얼마나 좋은지 까먹었었어
전에도 온적이 었어?
그래, 아주 오래 전에 내 손녀랑 왔었지
근데 왜 전부 여깄는거야?
공물의 축제 때문이지. 몇천년에 한번씩 고리가 정렬할때 열려. 지역적으로는 꽤 큰 행사야. 팬케이크 화요일 같은거지
음, 닥터?
무슨일이야? 얘 왜 화난거지?
도린?
의역이야.
심술궂게 들리지만 사실은 엄청 착하다고. 안그래?
그래 착하지. 그냥 우리가 모페드 빌릴지 물어보는 거야.
그래서 얼마야?
돈이 아냐. 소중한 뭔가지. 정서적 가치 말야. 사진, 러브레터 그런거 말야. 여기선 그런게 화폐로 쓰여 싸이코메트리. 역사가 정서적으로 각인된 물건들. 더 소중할수록 더 큰 가치를 지니지
그녀를 보셨습니까?
누구요?
뭐하는거야?
숨고있어요.
오, 왜?
절 몰라요?
미안, 사실 몰라.
그럼 왜 따라오셨어요?
도우려고. 길잃은거 같아서.
안믿겨요.
정말로요?
정말로 정말이야.
도와줄수 있어요?
그러려고 온거야.
이건 뭐죠?
우주선 같은거야. 시간 공간 어쩌고.
무슨 일이예요?
몰라
정말 무서워요.
어렸을땐 누구나 무서운 법이야. 나는 길잃는걸 무서워하곤 했지. 악몽을 꾸곤 했어. 그리곤 길을 잃었지..
어떻게 됐어요?
세상이 끝났지. 심장이 멈췄고. 그리고 우리 엄마가 날 찾았지. 피시앤칩스를 먹고 집에 갔어. 날 눕히고는 엄마가 이야기를 해주셨어
어디에 있어도요?
어디건 상관없어 정글이건 사막이건 달 위에서건 길을 잃었다고 해도 넌 정말로 잃은게 아냐. 내가 언제나 여기 있을꺼거든. 언제나 널 찾으러 올께. 언제나.
그리고 다시는 안 무서웠어요?
오, 여러번 무서웠지. 하지만 길잃는게 두렵진 않았어.
정확히 뭐가 두려운거야?
틀리는 거요. 할아버지를 화나게 하는거요.
너 생각에는 틀릴거 같아? 난 그렇게 생각 안하거든. 난 너가 틀릴거 같지 않아.
감사합니다.
뭐 하고 있던 거야?
탐험.
이제 어디가?
쉿! 미안,미안,잠시만.
여기 와도 되는거야?
쉿
되냐고?
쉿
뭘 부르는거야?
긴 노래. 끝이 없는 자장가야. 고대신을 먹이기 위해. 재우기 위해서야. 몇 백만년동안 계속 돼왔어
뭐하는 거야?
공물이야. 가치있는 선물. 고대신을 먹이기 위한 기억들이지
정말 아프거든
미안.
어떻게 그냥 서서 지켜볼 수만 있지?
여긴 신성한 곳이거든
뭘 해야될지 모르겠어요
그러면 나가
그래서?
그래서, 이게 된다고.
안돼요! 가세요!
너 없이는 안가
틀리지 않았어.
어떻게 알아요? 아무것도 모르잖아요!
다시는 돌아오고 싶지 않지?
네.
지금 우릴 안에 가둬버린 거야?
그래. 영혼을 먹는 괴물과 함께 말이지.
그럴리는 없을꺼야.
일어나고 있어, 친구. 어찌됐건 그가 오고있어..
그냥 그런거야? 노래가 끝난거야?
노래가 끝났습니다. 제 이름은 성가대원 레즈 베픽스입니다. 그리고 긴 노래는 저와 함께 끝났습니다.
그런거네 그럼. 노래가 끝났어!
하하! 저거 봐! 그를 깨웠잖아요!
일어났어? 뭐하는 거야?
오, 몸풀고 있는거야.
우리가 깨운게 아냐.
너가 깨운 것도 아냐. 깨어날 시간이기 때문에 깨어나는 거야.
널 먹으려나봐. 너의 이야기들 말이지.
이야기라고 안했어. 영혼이라고!
그만해. 겁먹게 하고있잖아.
좋아. 겁먹어야지.
스스로를 바치고 있잖아.
그게 뭔 의미인지 알아야지.
신이 절 선택했어요
신이 아니야
괜찮을꺼야.
어떻게요?
약속해요?
손가락을 걸고 약속해.
뭔가 오고있어. 뭐가 오고있지?
감시자요.
시간의 여왕이 먹히는걸 거부한다면..
그러면?
할아버지에게 먹이는게 그들의 역할이예요.
미안해요! 미안해요!
꿈도 꾸지마
그래 물러서. 난 무장했어. 스크류드라이버로.
모든 이야기를 알잖아. 나갈 길이 있는지 알지?
이야기가 있어요. 비밀 노래요. 사원의 도둑과 도둑의 문.
할아버지가 깨어났어.
더 이상 필요가 없는거야.
고대신이 할아버지인줄 알았는데 아니었어
그냥 할아버지의 자명종이었던거지
고대신이 누구야? 고대신이 있는거야?
불행히도, 그래.
맙소사.
어쩌지?
하지만 약속했잖아요! 약속했잖아요!
알아. 약속했지.
우리 모두를 먹을거예요
그는 항성계로 팽창해서 일곱 세계를 집어삼킬 거예요. 그리고 더이상 먹을게 없으면 별들 사이로 새로운 여행을 떠날거예요
도망가자.
어디로 도망가자고?
몰라. 레이크 디스트릭?
레이크 디스트릭 아름답지.
싸울꺼지, 그치?
어쩔수 없지만, 그래.
정말 크네.
더 큰 것도 봤어.
나도 남을게
안돼.
남을거야. 도울게.
안돼.
우린 도망가지 않는다며.
그래, 우린 도망가지 않아. 하지만 뭔가 소중한걸 가지고 있을땐 달려야지. 우리가 할수있는한 최대한 달리고 달려야해. 그림자에서 벗어나기 전까지 달리는걸 멈춰선 안돼.
그는 겁이 없는거예요?
겁먹은거 같아.
오, 너가 신이라고 생각하는군
하지만 난 신이 아냐.
배부른거야?
그렇겠지.
거기 있었어. 엄마의 묘지에.
보고 있었어.
뭐하고 있었던 거야?
몰라. 그냥..
확실히 하고 있었어.
뭘?
널 보면 누군가가 떠올라.
누구?
죽은 사람이야.
글쎄 그게 누구건 난 그녀가 아냐. 알았어?
난 너랑 여행하고 싶어, 그건 괜찮아. 하지만 나로써 여행하고싶어. 다른 사람 대신으로 가긴 싫어. 유령이랑 경쟁하긴 싫어.
그래.
너가 가지길 원하더라.
누가?
몇 명이 남았지?
12명
데려와!
누구냐!
END